<?xml version="1.0" encoding="UTF-8"?>
<testng-results skipped="0" failed="0" ignored="0" total="1" passed="1">
  <reporter-output>
  </reporter-output>
  <suite name="Default suite" duration-ms="13656" started-at="2021-11-18T09:50:33 IST" finished-at="2021-11-18T09:50:47 IST">
    <groups>
    </groups>
    <test name="Default test" duration-ms="13656" started-at="2021-11-18T09:50:33 IST" finished-at="2021-11-18T09:50:47 IST">
      <class name="testPackage.TestActiTimeOptionOfDropdown">
        <test-method status="PASS" signature="setUp()[pri:0, instance:testPackage.TestActiTimeOptionOfDropdown@2833cc44]" name="setUp" is-config="true" duration-ms="8325" started-at="2021-11-18T09:50:33 IST" finished-at="2021-11-18T09:50:41 IST">
          <reporter-output>
          </reporter-output>
        </test-method> <!-- setUp -->
        <test-method status="PASS" signature="testDropdowns()[pri:0, instance:testPackage.TestActiTimeOptionOfDropdown@2833cc44]" name="testDropdowns" duration-ms="4067" started-at="2021-11-18T09:50:41 IST" finished-at="2021-11-18T09:50:45 IST">
          <reporter-output>
          </reporter-output>
        </test-method> <!-- testDropdowns -->
        <test-method status="PASS" signature="tearDown()[pri:0, instance:testPackage.TestActiTimeOptionOfDropdown@2833cc44]" name="tearDown" is-config="true" duration-ms="1229" started-at="2021-11-18T09:50:45 IST" finished-at="2021-11-18T09:50:47 IST">
          <reporter-output>
          </reporter-output>
        </test-method> <!-- tearDown -->
      </class> <!-- testPackage.TestActiTimeOptionOfDropdown -->
    </test> <!-- Default test -->
  </suite> <!-- Default suite -->
</testng-results>
