<?xml version="1.0" encoding="UTF-8"?>
<testng-results skipped="0" failed="0" ignored="0" total="1" passed="1">
  <reporter-output>
    <line>
      <![CDATA[The test has been started !]]>
    </line>
    <line>
      <![CDATA[This application is employee time sheet tool and this suite has so many regression test cases !!]]>
    </line>
    <line>
      <![CDATA[The test hase been executed successfully !]]>
    </line>
  </reporter-output>
  <suite name="Default suite" duration-ms="41495" started-at="2021-11-19T11:28:22 IST" finished-at="2021-11-19T11:29:04 IST">
    <groups>
    </groups>
    <test name="Default test" duration-ms="41495" started-at="2021-11-19T11:28:22 IST" finished-at="2021-11-19T11:29:04 IST">
      <class name="testPackage.TestActiTimeValidLogin">
        <test-method status="PASS" signature="setUp()[pri:0, instance:testPackage.TestActiTimeValidLogin@2d8f65a4]" name="setUp" is-config="true" duration-ms="7067" started-at="2021-11-19T11:28:22 IST" finished-at="2021-11-19T11:28:29 IST">
          <reporter-output>
          </reporter-output>
        </test-method> <!-- setUp -->
        <test-method status="PASS" signature="testActiTimeValidLogin()[pri:0, instance:testPackage.TestActiTimeValidLogin@2d8f65a4]" name="testActiTimeValidLogin" duration-ms="32826" started-at="2021-11-19T11:28:29 IST" finished-at="2021-11-19T11:29:02 IST">
          <reporter-output>
            <line>
              <![CDATA[This application is employee time sheet tool and this suite has so many regression test cases !!]]>
            </line>
            <line>
              <![CDATA[The test hase been executed successfully !]]>
            </line>
          </reporter-output>
        </test-method> <!-- testActiTimeValidLogin -->
        <test-method status="PASS" signature="tearDown()[pri:0, instance:testPackage.TestActiTimeValidLogin@2d8f65a4]" name="tearDown" is-config="true" duration-ms="1563" started-at="2021-11-19T11:29:02 IST" finished-at="2021-11-19T11:29:04 IST">
          <reporter-output>
          </reporter-output>
        </test-method> <!-- tearDown -->
      </class> <!-- testPackage.TestActiTimeValidLogin -->
    </test> <!-- Default test -->
  </suite> <!-- Default suite -->
</testng-results>
